sniffing on eth0
got a packet
###[ Ethernet ]###
  dst       = 08:00:00:00:04:41
  src       = 08:00:00:00:02:00
  type      = 0x800
###[ IP ]###
     version   = 4L
     ihl       = 5L
     tos       = 0x6
     len       = 55
     id        = 1
     flags     = 
     frag      = 0L
     ttl       = 61
     proto     = tcp
     chksum    = 0x637d
     src       = 10.0.2.21
     dst       = 10.0.4.41
     \options   \
###[ TCP ]###
        sport     = 50104
        dport     = 1234
        seq       = 0
        ack       = 0
        dataofs   = 5L
        reserved  = 0L
        flags     = S
        window    = 8192
        chksum    = 0x9a7e
        urgptr    = 0
        options   = []
###[ Raw ]###
           load      = 'a random packet'
got a packet
###[ Ethernet ]###
  dst       = 08:00:00:00:04:41
  src       = 08:00:00:00:02:00
  type      = 0x800
###[ IP ]###
     version   = 4L
     ihl       = 5L
     tos       = 0x6
     len       = 55
     id        = 1
     flags     = 
     frag      = 0L
     ttl       = 61
     proto     = tcp
     chksum    = 0x637d
     src       = 10.0.2.21
     dst       = 10.0.4.41
     \options   \
###[ TCP ]###
        sport     = 50104
        dport     = 1234
        seq       = 0
        ack       = 0
        dataofs   = 5L
        reserved  = 0L
        flags     = S
        window    = 8192
        chksum    = 0x9a7e
        urgptr    = 0
        options   = []
###[ Raw ]###
           load      = 'a random packet'
got a packet
###[ Ethernet ]###
  dst       = 08:00:00:00:04:41
  src       = 08:00:00:00:02:00
  type      = 0x800
###[ IP ]###
     version   = 4L
     ihl       = 5L
     tos       = 0x6
     len       = 45
     id        = 1
     flags     = 
     frag      = 0L
     ttl       = 61
     proto     = tcp
     chksum    = 0x6387
     src       = 10.0.2.21
     dst       = 10.0.4.41
     \options   \
###[ TCP ]###
        sport     = 50104
        dport     = 1234
        seq       = 0
        ack       = 0
        dataofs   = 5L
        reserved  = 0L
        flags     = S
        window    = 8192
        chksum    = 0x6c3d
        urgptr    = 0
        options   = []
###[ Raw ]###
           load      = 'greet'
got a packet
###[ Ethernet ]###
  dst       = 08:00:00:00:04:41
  src       = 08:00:00:00:02:00
  type      = 0x800
###[ IP ]###
     version   = 4L
     ihl       = 5L
     tos       = 0x6
     len       = 55
     id        = 1
     flags     = 
     frag      = 0L
     ttl       = 61
     proto     = tcp
     chksum    = 0x637d
     src       = 10.0.2.21
     dst       = 10.0.4.41
     \options   \
###[ TCP ]###
        sport     = 50104
        dport     = 1234
        seq       = 0
        ack       = 0
        dataofs   = 5L
        reserved  = 0L
        flags     = S
        window    = 8192
        chksum    = 0x9a7e
        urgptr    = 0
        options   = []
###[ Raw ]###
           load      = 'a random packet'
got a packet
###[ Ethernet ]###
  dst       = 08:00:00:00:04:41
  src       = 08:00:00:00:02:00
  type      = 0x800
###[ IP ]###
     version   = 4L
     ihl       = 5L
     tos       = 0x6
     len       = 55
     id        = 1
     flags     = 
     frag      = 0L
     ttl       = 61
     proto     = tcp
     chksum    = 0x637d
     src       = 10.0.2.21
     dst       = 10.0.4.41
     \options   \
###[ TCP ]###
        sport     = 50104
        dport     = 1234
        seq       = 0
        ack       = 0
        dataofs   = 5L
        reserved  = 0L
        flags     = S
        window    = 8192
        chksum    = 0x9a7e
        urgptr    = 0
        options   = []
###[ Raw ]###
           load      = 'a random packet'
got a packet
###[ Ethernet ]###
  dst       = 08:00:00:00:04:41
  src       = 08:00:00:00:02:00
  type      = 0x800
###[ IP ]###
     version   = 4L
     ihl       = 5L
     tos       = 0x6
     len       = 55
     id        = 1
     flags     = 
     frag      = 0L
     ttl       = 61
     proto     = tcp
     chksum    = 0x637d
     src       = 10.0.2.21
     dst       = 10.0.4.41
     \options   \
###[ TCP ]###
        sport     = 50104
        dport     = 1234
        seq       = 0
        ack       = 0
        dataofs   = 5L
        reserved  = 0L
        flags     = S
        window    = 8192
        chksum    = 0x9a7e
        urgptr    = 0
        options   = []
###[ Raw ]###
           load      = 'a random packet'
got a packet
###[ Ethernet ]###
  dst       = 08:00:00:00:04:41
  src       = 08:00:00:00:02:00
  type      = 0x800
###[ IP ]###
     version   = 4L
     ihl       = 5L
     tos       = 0x6
     len       = 55
     id        = 1
     flags     = 
     frag      = 0L
     ttl       = 61
     proto     = tcp
     chksum    = 0x637d
     src       = 10.0.2.21
     dst       = 10.0.4.41
     \options   \
###[ TCP ]###
        sport     = 50104
        dport     = 1234
        seq       = 0
        ack       = 0
        dataofs   = 5L
        reserved  = 0L
        flags     = S
        window    = 8192
        chksum    = 0x9a7e
        urgptr    = 0
        options   = []
###[ Raw ]###
           load      = 'a random packet'
got a packet
###[ Ethernet ]###
  dst       = 08:00:00:00:04:41
  src       = 08:00:00:00:02:00
  type      = 0x800
###[ IP ]###
     version   = 4L
     ihl       = 5L
     tos       = 0x6
     len       = 55
     id        = 1
     flags     = 
     frag      = 0L
     ttl       = 61
     proto     = tcp
     chksum    = 0x637d
     src       = 10.0.2.21
     dst       = 10.0.4.41
     \options   \
###[ TCP ]###
        sport     = 50104
        dport     = 1234
        seq       = 0
        ack       = 0
        dataofs   = 5L
        reserved  = 0L
        flags     = S
        window    = 8192
        chksum    = 0x9a7e
        urgptr    = 0
        options   = []
###[ Raw ]###
           load      = 'a random packet'
got a packet
###[ Ethernet ]###
  dst       = 08:00:00:00:04:41
  src       = 08:00:00:00:02:00
  type      = 0x800
###[ IP ]###
     version   = 4L
     ihl       = 5L
     tos       = 0x6
     len       = 55
     id        = 1
     flags     = 
     frag      = 0L
     ttl       = 61
     proto     = tcp
     chksum    = 0x637d
     src       = 10.0.2.21
     dst       = 10.0.4.41
     \options   \
###[ TCP ]###
        sport     = 50104
        dport     = 1234
        seq       = 0
        ack       = 0
        dataofs   = 5L
        reserved  = 0L
        flags     = S
        window    = 8192
        chksum    = 0x9a7e
        urgptr    = 0
        options   = []
###[ Raw ]###
           load      = 'a random packet'
got a packet
###[ Ethernet ]###
  dst       = 08:00:00:00:04:41
  src       = 08:00:00:00:02:00
  type      = 0x800
###[ IP ]###
     version   = 4L
     ihl       = 5L
     tos       = 0x6
     len       = 55
     id        = 1
     flags     = 
     frag      = 0L
     ttl       = 61
     proto     = tcp
     chksum    = 0x637d
     src       = 10.0.2.21
     dst       = 10.0.4.41
     \options   \
###[ TCP ]###
        sport     = 50104
        dport     = 1234
        seq       = 0
        ack       = 0
        dataofs   = 5L
        reserved  = 0L
        flags     = S
        window    = 8192
        chksum    = 0x9a7e
        urgptr    = 0
        options   = []
###[ Raw ]###
           load      = 'a random packet'
got a packet
###[ Ethernet ]###
  dst       = 08:00:00:00:04:41
  src       = 08:00:00:00:02:00
  type      = 0x800
###[ IP ]###
     version   = 4L
     ihl       = 5L
     tos       = 0x6
     len       = 55
     id        = 1
     flags     = 
     frag      = 0L
     ttl       = 61
     proto     = tcp
     chksum    = 0x637d
     src       = 10.0.2.21
     dst       = 10.0.4.41
     \options   \
###[ TCP ]###
        sport     = 50104
        dport     = 1234
        seq       = 0
        ack       = 0
        dataofs   = 5L
        reserved  = 0L
        flags     = S
        window    = 8192
        chksum    = 0x9a7e
        urgptr    = 0
        options   = []
###[ Raw ]###
           load      = 'a random packet'
got a packet
###[ Ethernet ]###
  dst       = 08:00:00:00:04:41
  src       = 08:00:00:00:02:00
  type      = 0x800
###[ IP ]###
     version   = 4L
     ihl       = 5L
     tos       = 0x6
     len       = 55
     id        = 1
     flags     = 
     frag      = 0L
     ttl       = 61
     proto     = tcp
     chksum    = 0x637d
     src       = 10.0.2.21
     dst       = 10.0.4.41
     \options   \
###[ TCP ]###
        sport     = 50104
        dport     = 1234
        seq       = 0
        ack       = 0
        dataofs   = 5L
        reserved  = 0L
        flags     = S
        window    = 8192
        chksum    = 0x9a7e
        urgptr    = 0
        options   = []
###[ Raw ]###
           load      = 'a random packet'
got a packet
###[ Ethernet ]###
  dst       = 08:00:00:00:04:41
  src       = 08:00:00:00:02:00
  type      = 0x800
###[ IP ]###
     version   = 4L
     ihl       = 5L
     tos       = 0x6
     len       = 45
     id        = 1
     flags     = 
     frag      = 0L
     ttl       = 61
     proto     = tcp
     chksum    = 0x6387
     src       = 10.0.2.21
     dst       = 10.0.4.41
     \options   \
###[ TCP ]###
        sport     = 50104
        dport     = 1234
        seq       = 0
        ack       = 0
        dataofs   = 5L
        reserved  = 0L
        flags     = S
        window    = 8192
        chksum    = 0x6c3d
        urgptr    = 0
        options   = []
###[ Raw ]###
           load      = 'greet'
got a packet
###[ Ethernet ]###
  dst       = 08:00:00:00:04:41
  src       = 08:00:00:00:02:00
  type      = 0x800
###[ IP ]###
     version   = 4L
     ihl       = 5L
     tos       = 0x6
     len       = 55
     id        = 1
     flags     = 
     frag      = 0L
     ttl       = 61
     proto     = tcp
     chksum    = 0x637d
     src       = 10.0.2.21
     dst       = 10.0.4.41
     \options   \
###[ TCP ]###
        sport     = 50104
        dport     = 1234
        seq       = 0
        ack       = 0
        dataofs   = 5L
        reserved  = 0L
        flags     = S
        window    = 8192
        chksum    = 0x9a7e
        urgptr    = 0
        options   = []
###[ Raw ]###
           load      = 'a random packet'
got a packet
###[ Ethernet ]###
  dst       = 08:00:00:00:04:41
  src       = 08:00:00:00:02:00
  type      = 0x800
###[ IP ]###
     version   = 4L
     ihl       = 5L
     tos       = 0x6
     len       = 55
     id        = 1
     flags     = 
     frag      = 0L
     ttl       = 61
     proto     = tcp
     chksum    = 0x637d
     src       = 10.0.2.21
     dst       = 10.0.4.41
     \options   \
###[ TCP ]###
        sport     = 50104
        dport     = 1234
        seq       = 0
        ack       = 0
        dataofs   = 5L
        reserved  = 0L
        flags     = S
        window    = 8192
        chksum    = 0x9a7e
        urgptr    = 0
        options   = []
###[ Raw ]###
           load      = 'a random packet'
got a packet
###[ Ethernet ]###
  dst       = 08:00:00:00:04:41
  src       = 08:00:00:00:02:00
  type      = 0x800
###[ IP ]###
     version   = 4L
     ihl       = 5L
     tos       = 0x6
     len       = 55
     id        = 1
     flags     = 
     frag      = 0L
     ttl       = 61
     proto     = tcp
     chksum    = 0x637d
     src       = 10.0.2.21
     dst       = 10.0.4.41
     \options   \
###[ TCP ]###
        sport     = 50104
        dport     = 1234
        seq       = 0
        ack       = 0
        dataofs   = 5L
        reserved  = 0L
        flags     = S
        window    = 8192
        chksum    = 0x9a7e
        urgptr    = 0
        options   = []
###[ Raw ]###
           load      = 'a random packet'
got a packet
###[ Ethernet ]###
  dst       = 08:00:00:00:04:41
  src       = 08:00:00:00:02:00
  type      = 0x800
###[ IP ]###
     version   = 4L
     ihl       = 5L
     tos       = 0x6
     len       = 55
     id        = 1
     flags     = 
     frag      = 0L
     ttl       = 61
     proto     = tcp
     chksum    = 0x637d
     src       = 10.0.2.21
     dst       = 10.0.4.41
     \options   \
###[ TCP ]###
        sport     = 50104
        dport     = 1234
        seq       = 0
        ack       = 0
        dataofs   = 5L
        reserved  = 0L
        flags     = S
        window    = 8192
        chksum    = 0x9a7e
        urgptr    = 0
        options   = []
###[ Raw ]###
           load      = 'a random packet'
got a packet
###[ Ethernet ]###
  dst       = 08:00:00:00:04:41
  src       = 08:00:00:00:02:00
  type      = 0x800
###[ IP ]###
     version   = 4L
     ihl       = 5L
     tos       = 0x6
     len       = 55
     id        = 1
     flags     = 
     frag      = 0L
     ttl       = 61
     proto     = tcp
     chksum    = 0x637d
     src       = 10.0.2.21
     dst       = 10.0.4.41
     \options   \
###[ TCP ]###
        sport     = 50104
        dport     = 1234
        seq       = 0
        ack       = 0
        dataofs   = 5L
        reserved  = 0L
        flags     = S
        window    = 8192
        chksum    = 0x9a7e
        urgptr    = 0
        options   = []
###[ Raw ]###
           load      = 'a random packet'
got a packet
###[ Ethernet ]###
  dst       = 08:00:00:00:04:41
  src       = 08:00:00:00:02:00
  type      = 0x800
###[ IP ]###
     version   = 4L
     ihl       = 5L
     tos       = 0x6
     len       = 55
     id        = 1
     flags     = 
     frag      = 0L
     ttl       = 61
     proto     = tcp
     chksum    = 0x637d
     src       = 10.0.2.21
     dst       = 10.0.4.41
     \options   \
###[ TCP ]###
        sport     = 50104
        dport     = 1234
        seq       = 0
        ack       = 0
        dataofs   = 5L
        reserved  = 0L
        flags     = S
        window    = 8192
        chksum    = 0x9a7e
        urgptr    = 0
        options   = []
###[ Raw ]###
           load      = 'a random packet'
got a packet
###[ Ethernet ]###
  dst       = 08:00:00:00:04:41
  src       = 08:00:00:00:02:00
  type      = 0x800
###[ IP ]###
     version   = 4L
     ihl       = 5L
     tos       = 0x6
     len       = 55
     id        = 1
     flags     = 
     frag      = 0L
     ttl       = 61
     proto     = tcp
     chksum    = 0x637d
     src       = 10.0.2.21
     dst       = 10.0.4.41
     \options   \
###[ TCP ]###
        sport     = 50104
        dport     = 1234
        seq       = 0
        ack       = 0
        dataofs   = 5L
        reserved  = 0L
        flags     = S
        window    = 8192
        chksum    = 0x9a7e
        urgptr    = 0
        options   = []
###[ Raw ]###
           load      = 'a random packet'
got a packet
###[ Ethernet ]###
  dst       = 08:00:00:00:04:41
  src       = 08:00:00:00:02:00
  type      = 0x800
###[ IP ]###
     version   = 4L
     ihl       = 5L
     tos       = 0x6
     len       = 55
     id        = 1
     flags     = 
     frag      = 0L
     ttl       = 61
     proto     = tcp
     chksum    = 0x637d
     src       = 10.0.2.21
     dst       = 10.0.4.41
     \options   \
###[ TCP ]###
        sport     = 50104
        dport     = 1234
        seq       = 0
        ack       = 0
        dataofs   = 5L
        reserved  = 0L
        flags     = S
        window    = 8192
        chksum    = 0x9a7e
        urgptr    = 0
        options   = []
###[ Raw ]###
           load      = 'a random packet'
got a packet
###[ Ethernet ]###
  dst       = 08:00:00:00:04:41
  src       = 08:00:00:00:02:00
  type      = 0x800
###[ IP ]###
     version   = 4L
     ihl       = 5L
     tos       = 0x6
     len       = 55
     id        = 1
     flags     = 
     frag      = 0L
     ttl       = 61
     proto     = tcp
     chksum    = 0x637d
     src       = 10.0.2.21
     dst       = 10.0.4.41
     \options   \
###[ TCP ]###
        sport     = 50104
        dport     = 1234
        seq       = 0
        ack       = 0
        dataofs   = 5L
        reserved  = 0L
        flags     = S
        window    = 8192
        chksum    = 0x9a7e
        urgptr    = 0
        options   = []
###[ Raw ]###
           load      = 'a random packet'
got a packet
###[ Ethernet ]###
  dst       = 08:00:00:00:04:41
  src       = 08:00:00:00:02:00
  type      = 0x800
###[ IP ]###
     version   = 4L
     ihl       = 5L
     tos       = 0x6
     len       = 55
     id        = 1
     flags     = 
     frag      = 0L
     ttl       = 61
     proto     = tcp
     chksum    = 0x637d
     src       = 10.0.2.21
     dst       = 10.0.4.41
     \options   \
###[ TCP ]###
        sport     = 50104
        dport     = 1234
        seq       = 0
        ack       = 0
        dataofs   = 5L
        reserved  = 0L
        flags     = S
        window    = 8192
        chksum    = 0x9a7e
        urgptr    = 0
        options   = []
###[ Raw ]###
           load      = 'a random packet'
got a packet
###[ Ethernet ]###
  dst       = 08:00:00:00:04:41
  src       = 08:00:00:00:02:00
  type      = 0x800
###[ IP ]###
     version   = 4L
     ihl       = 5L
     tos       = 0x6
     len       = 55
     id        = 1
     flags     = 
     frag      = 0L
     ttl       = 61
     proto     = tcp
     chksum    = 0x637d
     src       = 10.0.2.21
     dst       = 10.0.4.41
     \options   \
###[ TCP ]###
        sport     = 50104
        dport     = 1234
        seq       = 0
        ack       = 0
        dataofs   = 5L
        reserved  = 0L
        flags     = S
        window    = 8192
        chksum    = 0x9a7e
        urgptr    = 0
        options   = []
###[ Raw ]###
           load      = 'a random packet'
got a packet
###[ Ethernet ]###
  dst       = 08:00:00:00:04:41
  src       = 08:00:00:00:02:00
  type      = 0x800
###[ IP ]###
     version   = 4L
     ihl       = 5L
     tos       = 0x6
     len       = 55
     id        = 1
     flags     = 
     frag      = 0L
     ttl       = 61
     proto     = tcp
     chksum    = 0x637d
     src       = 10.0.2.21
     dst       = 10.0.4.41
     \options   \
###[ TCP ]###
        sport     = 50104
        dport     = 1234
        seq       = 0
        ack       = 0
        dataofs   = 5L
        reserved  = 0L
        flags     = S
        window    = 8192
        chksum    = 0x9a7e
        urgptr    = 0
        options   = []
###[ Raw ]###
           load      = 'a random packet'
got a packet
###[ Ethernet ]###
  dst       = 08:00:00:00:04:41
  src       = 08:00:00:00:02:00
  type      = 0x800
###[ IP ]###
     version   = 4L
     ihl       = 5L
     tos       = 0x6
     len       = 45
     id        = 1
     flags     = 
     frag      = 0L
     ttl       = 61
     proto     = tcp
     chksum    = 0x6387
     src       = 10.0.2.21
     dst       = 10.0.4.41
     \options   \
###[ TCP ]###
        sport     = 50104
        dport     = 1234
        seq       = 0
        ack       = 0
        dataofs   = 5L
        reserved  = 0L
        flags     = S
        window    = 8192
        chksum    = 0x6c3d
        urgptr    = 0
        options   = []
###[ Raw ]###
           load      = 'greet'
got a packet
###[ Ethernet ]###
  dst       = 08:00:00:00:04:41
  src       = 08:00:00:00:02:00
  type      = 0x800
###[ IP ]###
     version   = 4L
     ihl       = 5L
     tos       = 0x1
     len       = 45
     id        = 1
     flags     = 
     frag      = 0L
     ttl       = 61
     proto     = tcp
     chksum    = 0x638c
     src       = 10.0.2.21
     dst       = 10.0.4.41
     \options   \
###[ TCP ]###
        sport     = 50104
        dport     = 1234
        seq       = 0
        ack       = 0
        dataofs   = 5L
        reserved  = 0L
        flags     = S
        window    = 8192
        chksum    = 0x6c3d
        urgptr    = 0
        options   = []
###[ Raw ]###
           load      = 'greet'
got a packet
###[ Ethernet ]###
  dst       = 08:00:00:00:04:41
  src       = 08:00:00:00:02:00
  type      = 0x800
###[ IP ]###
     version   = 4L
     ihl       = 5L
     tos       = 0x6
     len       = 55
     id        = 1
     flags     = 
     frag      = 0L
     ttl       = 61
     proto     = tcp
     chksum    = 0x637d
     src       = 10.0.2.21
     dst       = 10.0.4.41
     \options   \
###[ TCP ]###
        sport     = 50104
        dport     = 1234
        seq       = 0
        ack       = 0
        dataofs   = 5L
        reserved  = 0L
        flags     = S
        window    = 8192
        chksum    = 0x9a7e
        urgptr    = 0
        options   = []
###[ Raw ]###
           load      = 'a random packet'
got a packet
###[ Ethernet ]###
  dst       = 08:00:00:00:04:41
  src       = 08:00:00:00:02:00
  type      = 0x800
###[ IP ]###
     version   = 4L
     ihl       = 5L
     tos       = 0x6
     len       = 55
     id        = 1
     flags     = 
     frag      = 0L
     ttl       = 61
     proto     = tcp
     chksum    = 0x637d
     src       = 10.0.2.21
     dst       = 10.0.4.41
     \options   \
###[ TCP ]###
        sport     = 50104
        dport     = 1234
        seq       = 0
        ack       = 0
        dataofs   = 5L
        reserved  = 0L
        flags     = S
        window    = 8192
        chksum    = 0x9a7e
        urgptr    = 0
        options   = []
###[ Raw ]###
           load      = 'a random packet'
got a packet
###[ Ethernet ]###
  dst       = 08:00:00:00:04:41
  src       = 08:00:00:00:02:00
  type      = 0x800
###[ IP ]###
     version   = 4L
     ihl       = 5L
     tos       = 0x6
     len       = 55
     id        = 1
     flags     = 
     frag      = 0L
     ttl       = 61
     proto     = tcp
     chksum    = 0x637d
     src       = 10.0.2.21
     dst       = 10.0.4.41
     \options   \
###[ TCP ]###
        sport     = 50104
        dport     = 1234
        seq       = 0
        ack       = 0
        dataofs   = 5L
        reserved  = 0L
        flags     = S
        window    = 8192
        chksum    = 0x9a7e
        urgptr    = 0
        options   = []
###[ Raw ]###
           load      = 'a random packet'
got a packet
###[ Ethernet ]###
  dst       = 08:00:00:00:04:41
  src       = 08:00:00:00:02:00
  type      = 0x800
###[ IP ]###
     version   = 4L
     ihl       = 5L
     tos       = 0x6
     len       = 55
     id        = 1
     flags     = 
     frag      = 0L
     ttl       = 61
     proto     = tcp
     chksum    = 0x637d
     src       = 10.0.2.21
     dst       = 10.0.4.41
     \options   \
###[ TCP ]###
        sport     = 50104
        dport     = 1234
        seq       = 0
        ack       = 0
        dataofs   = 5L
        reserved  = 0L
        flags     = S
        window    = 8192
        chksum    = 0x9a7e
        urgptr    = 0
        options   = []
###[ Raw ]###
           load      = 'a random packet'
got a packet
###[ Ethernet ]###
  dst       = 08:00:00:00:04:41
  src       = 08:00:00:00:02:00
  type      = 0x800
###[ IP ]###
     version   = 4L
     ihl       = 5L
     tos       = 0x6
     len       = 45
     id        = 1
     flags     = 
     frag      = 0L
     ttl       = 61
     proto     = tcp
     chksum    = 0x6387
     src       = 10.0.2.21
     dst       = 10.0.4.41
     \options   \
###[ TCP ]###
        sport     = 50104
        dport     = 1234
        seq       = 0
        ack       = 0
        dataofs   = 5L
        reserved  = 0L
        flags     = S
        window    = 8192
        chksum    = 0x6c3d
        urgptr    = 0
        options   = []
###[ Raw ]###
           load      = 'greet'
got a packet
###[ Ethernet ]###
  dst       = 08:00:00:00:04:41
  src       = 08:00:00:00:02:00
  type      = 0x800
###[ IP ]###
     version   = 4L
     ihl       = 5L
     tos       = 0x6
     len       = 55
     id        = 1
     flags     = 
     frag      = 0L
     ttl       = 61
     proto     = tcp
     chksum    = 0x637d
     src       = 10.0.2.21
     dst       = 10.0.4.41
     \options   \
###[ TCP ]###
        sport     = 50104
        dport     = 1234
        seq       = 0
        ack       = 0
        dataofs   = 5L
        reserved  = 0L
        flags     = S
        window    = 8192
        chksum    = 0x9a7e
        urgptr    = 0
        options   = []
###[ Raw ]###
           load      = 'a random packet'
got a packet
###[ Ethernet ]###
  dst       = 08:00:00:00:04:41
  src       = 08:00:00:00:02:00
  type      = 0x800
###[ IP ]###
     version   = 4L
     ihl       = 5L
     tos       = 0x6
     len       = 55
     id        = 1
     flags     = 
     frag      = 0L
     ttl       = 61
     proto     = tcp
     chksum    = 0x637d
     src       = 10.0.2.21
     dst       = 10.0.4.41
     \options   \
###[ TCP ]###
        sport     = 50104
        dport     = 1234
        seq       = 0
        ack       = 0
        dataofs   = 5L
        reserved  = 0L
        flags     = S
        window    = 8192
        chksum    = 0x9a7e
        urgptr    = 0
        options   = []
###[ Raw ]###
           load      = 'a random packet'
got a packet
###[ Ethernet ]###
  dst       = 08:00:00:00:04:41
  src       = 08:00:00:00:02:00
  type      = 0x800
###[ IP ]###
     version   = 4L
     ihl       = 5L
     tos       = 0x6
     len       = 55
     id        = 1
     flags     = 
     frag      = 0L
     ttl       = 61
     proto     = tcp
     chksum    = 0x637d
     src       = 10.0.2.21
     dst       = 10.0.4.41
     \options   \
###[ TCP ]###
        sport     = 50104
        dport     = 1234
        seq       = 0
        ack       = 0
        dataofs   = 5L
        reserved  = 0L
        flags     = S
        window    = 8192
        chksum    = 0x9a7e
        urgptr    = 0
        options   = []
###[ Raw ]###
           load      = 'a random packet'
got a packet
###[ Ethernet ]###
  dst       = 08:00:00:00:04:41
  src       = 08:00:00:00:02:00
  type      = 0x800
###[ IP ]###
     version   = 4L
     ihl       = 5L
     tos       = 0x6
     len       = 55
     id        = 1
     flags     = 
     frag      = 0L
     ttl       = 61
     proto     = tcp
     chksum    = 0x637d
     src       = 10.0.2.21
     dst       = 10.0.4.41
     \options   \
###[ TCP ]###
        sport     = 50104
        dport     = 1234
        seq       = 0
        ack       = 0
        dataofs   = 5L
        reserved  = 0L
        flags     = S
        window    = 8192
        chksum    = 0x9a7e
        urgptr    = 0
        options   = []
###[ Raw ]###
           load      = 'a random packet'
got a packet
###[ Ethernet ]###
  dst       = 08:00:00:00:04:41
  src       = 08:00:00:00:02:00
  type      = 0x800
###[ IP ]###
     version   = 4L
     ihl       = 5L
     tos       = 0x6
     len       = 55
     id        = 1
     flags     = 
     frag      = 0L
     ttl       = 61
     proto     = tcp
     chksum    = 0x637d
     src       = 10.0.2.21
     dst       = 10.0.4.41
     \options   \
###[ TCP ]###
        sport     = 50104
        dport     = 1234
        seq       = 0
        ack       = 0
        dataofs   = 5L
        reserved  = 0L
        flags     = S
        window    = 8192
        chksum    = 0x9a7e
        urgptr    = 0
        options   = []
###[ Raw ]###
           load      = 'a random packet'
got a packet
###[ Ethernet ]###
  dst       = 08:00:00:00:04:41
  src       = 08:00:00:00:02:00
  type      = 0x800
###[ IP ]###
     version   = 4L
     ihl       = 5L
     tos       = 0x6
     len       = 55
     id        = 1
     flags     = 
     frag      = 0L
     ttl       = 61
     proto     = tcp
     chksum    = 0x637d
     src       = 10.0.2.21
     dst       = 10.0.4.41
     \options   \
###[ TCP ]###
        sport     = 50104
        dport     = 1234
        seq       = 0
        ack       = 0
        dataofs   = 5L
        reserved  = 0L
        flags     = S
        window    = 8192
        chksum    = 0x9a7e
        urgptr    = 0
        options   = []
###[ Raw ]###
           load      = 'a random packet'
got a packet
###[ Ethernet ]###
  dst       = 08:00:00:00:04:41
  src       = 08:00:00:00:02:00
  type      = 0x800
###[ IP ]###
     version   = 4L
     ihl       = 5L
     tos       = 0x6
     len       = 55
     id        = 1
     flags     = 
     frag      = 0L
     ttl       = 61
     proto     = tcp
     chksum    = 0x637d
     src       = 10.0.2.21
     dst       = 10.0.4.41
     \options   \
###[ TCP ]###
        sport     = 50104
        dport     = 1234
        seq       = 0
        ack       = 0
        dataofs   = 5L
        reserved  = 0L
        flags     = S
        window    = 8192
        chksum    = 0x9a7e
        urgptr    = 0
        options   = []
###[ Raw ]###
           load      = 'a random packet'
got a packet
###[ Ethernet ]###
  dst       = 08:00:00:00:04:41
  src       = 08:00:00:00:02:00
  type      = 0x800
###[ IP ]###
     version   = 4L
     ihl       = 5L
     tos       = 0x6
     len       = 55
     id        = 1
     flags     = 
     frag      = 0L
     ttl       = 61
     proto     = tcp
     chksum    = 0x637d
     src       = 10.0.2.21
     dst       = 10.0.4.41
     \options   \
###[ TCP ]###
        sport     = 50104
        dport     = 1234
        seq       = 0
        ack       = 0
        dataofs   = 5L
        reserved  = 0L
        flags     = S
        window    = 8192
        chksum    = 0x9a7e
        urgptr    = 0
        options   = []
###[ Raw ]###
           load      = 'a random packet'
got a packet
###[ Ethernet ]###
  dst       = 08:00:00:00:04:41
  src       = 08:00:00:00:02:00
  type      = 0x800
###[ IP ]###
     version   = 4L
     ihl       = 5L
     tos       = 0x6
     len       = 55
     id        = 1
     flags     = 
     frag      = 0L
     ttl       = 61
     proto     = tcp
     chksum    = 0x637d
     src       = 10.0.2.21
     dst       = 10.0.4.41
     \options   \
###[ TCP ]###
        sport     = 50104
        dport     = 1234
        seq       = 0
        ack       = 0
        dataofs   = 5L
        reserved  = 0L
        flags     = S
        window    = 8192
        chksum    = 0x9a7e
        urgptr    = 0
        options   = []
###[ Raw ]###
           load      = 'a random packet'
got a packet
###[ Ethernet ]###
  dst       = 08:00:00:00:04:41
  src       = 08:00:00:00:02:00
  type      = 0x800
###[ IP ]###
     version   = 4L
     ihl       = 5L
     tos       = 0x6
     len       = 55
     id        = 1
     flags     = 
     frag      = 0L
     ttl       = 61
     proto     = tcp
     chksum    = 0x637d
     src       = 10.0.2.21
     dst       = 10.0.4.41
     \options   \
###[ TCP ]###
        sport     = 50104
        dport     = 1234
        seq       = 0
        ack       = 0
        dataofs   = 5L
        reserved  = 0L
        flags     = S
        window    = 8192
        chksum    = 0x9a7e
        urgptr    = 0
        options   = []
###[ Raw ]###
           load      = 'a random packet'
got a packet
###[ Ethernet ]###
  dst       = 08:00:00:00:04:41
  src       = 08:00:00:00:02:00
  type      = 0x800
###[ IP ]###
     version   = 4L
     ihl       = 5L
     tos       = 0x6
     len       = 55
     id        = 1
     flags     = 
     frag      = 0L
     ttl       = 61
     proto     = tcp
     chksum    = 0x637d
     src       = 10.0.2.21
     dst       = 10.0.4.41
     \options   \
###[ TCP ]###
        sport     = 50104
        dport     = 1234
        seq       = 0
        ack       = 0
        dataofs   = 5L
        reserved  = 0L
        flags     = S
        window    = 8192
        chksum    = 0x9a7e
        urgptr    = 0
        options   = []
###[ Raw ]###
           load      = 'a random packet'
got a packet
###[ Ethernet ]###
  dst       = 08:00:00:00:04:41
  src       = 08:00:00:00:02:00
  type      = 0x800
###[ IP ]###
     version   = 4L
     ihl       = 5L
     tos       = 0x6
     len       = 55
     id        = 1
     flags     = 
     frag      = 0L
     ttl       = 61
     proto     = tcp
     chksum    = 0x637d
     src       = 10.0.2.21
     dst       = 10.0.4.41
     \options   \
###[ TCP ]###
        sport     = 50104
        dport     = 1234
        seq       = 0
        ack       = 0
        dataofs   = 5L
        reserved  = 0L
        flags     = S
        window    = 8192
        chksum    = 0x9a7e
        urgptr    = 0
        options   = []
###[ Raw ]###
           load      = 'a random packet'
got a packet
###[ Ethernet ]###
  dst       = 08:00:00:00:04:41
  src       = 08:00:00:00:02:00
  type      = 0x800
###[ IP ]###
     version   = 4L
     ihl       = 5L
     tos       = 0x6
     len       = 45
     id        = 1
     flags     = 
     frag      = 0L
     ttl       = 61
     proto     = tcp
     chksum    = 0x6387
     src       = 10.0.2.21
     dst       = 10.0.4.41
     \options   \
###[ TCP ]###
        sport     = 50104
        dport     = 1234
        seq       = 0
        ack       = 0
        dataofs   = 5L
        reserved  = 0L
        flags     = S
        window    = 8192
        chksum    = 0x6c3d
        urgptr    = 0
        options   = []
###[ Raw ]###
           load      = 'greet'
got a packet
###[ Ethernet ]###
  dst       = 08:00:00:00:04:41
  src       = 08:00:00:00:02:00
  type      = 0x800
###[ IP ]###
     version   = 4L
     ihl       = 5L
     tos       = 0x6
     len       = 55
     id        = 1
     flags     = 
     frag      = 0L
     ttl       = 61
     proto     = tcp
     chksum    = 0x637d
     src       = 10.0.2.21
     dst       = 10.0.4.41
     \options   \
###[ TCP ]###
        sport     = 50104
        dport     = 1234
        seq       = 0
        ack       = 0
        dataofs   = 5L
        reserved  = 0L
        flags     = S
        window    = 8192
        chksum    = 0x9a7e
        urgptr    = 0
        options   = []
###[ Raw ]###
           load      = 'a random packet'
got a packet
###[ Ethernet ]###
  dst       = 08:00:00:00:04:41
  src       = 08:00:00:00:02:00
  type      = 0x800
###[ IP ]###
     version   = 4L
     ihl       = 5L
     tos       = 0x6
     len       = 55
     id        = 1
     flags     = 
     frag      = 0L
     ttl       = 61
     proto     = tcp
     chksum    = 0x637d
     src       = 10.0.2.21
     dst       = 10.0.4.41
     \options   \
###[ TCP ]###
        sport     = 50104
        dport     = 1234
        seq       = 0
        ack       = 0
        dataofs   = 5L
        reserved  = 0L
        flags     = S
        window    = 8192
        chksum    = 0x9a7e
        urgptr    = 0
        options   = []
###[ Raw ]###
           load      = 'a random packet'
got a packet
###[ Ethernet ]###
  dst       = 08:00:00:00:04:41
  src       = 08:00:00:00:02:00
  type      = 0x800
###[ IP ]###
     version   = 4L
     ihl       = 5L
     tos       = 0x6
     len       = 55
     id        = 1
     flags     = 
     frag      = 0L
     ttl       = 61
     proto     = tcp
     chksum    = 0x637d
     src       = 10.0.2.21
     dst       = 10.0.4.41
     \options   \
###[ TCP ]###
        sport     = 50104
        dport     = 1234
        seq       = 0
        ack       = 0
        dataofs   = 5L
        reserved  = 0L
        flags     = S
        window    = 8192
        chksum    = 0x9a7e
        urgptr    = 0
        options   = []
###[ Raw ]###
           load      = 'a random packet'
got a packet
###[ Ethernet ]###
  dst       = 08:00:00:00:04:41
  src       = 08:00:00:00:02:00
  type      = 0x800
###[ IP ]###
     version   = 4L
     ihl       = 5L
     tos       = 0x6
     len       = 55
     id        = 1
     flags     = 
     frag      = 0L
     ttl       = 61
     proto     = tcp
     chksum    = 0x637d
     src       = 10.0.2.21
     dst       = 10.0.4.41
     \options   \
###[ TCP ]###
        sport     = 50104
        dport     = 1234
        seq       = 0
        ack       = 0
        dataofs   = 5L
        reserved  = 0L
        flags     = S
        window    = 8192
        chksum    = 0x9a7e
        urgptr    = 0
        options   = []
###[ Raw ]###
           load      = 'a random packet'
got a packet
###[ Ethernet ]###
  dst       = 08:00:00:00:04:41
  src       = 08:00:00:00:02:00
  type      = 0x800
###[ IP ]###
     version   = 4L
     ihl       = 5L
     tos       = 0x6
     len       = 55
     id        = 1
     flags     = 
     frag      = 0L
     ttl       = 61
     proto     = tcp
     chksum    = 0x637d
     src       = 10.0.2.21
     dst       = 10.0.4.41
     \options   \
###[ TCP ]###
        sport     = 50104
        dport     = 1234
        seq       = 0
        ack       = 0
        dataofs   = 5L
        reserved  = 0L
        flags     = S
        window    = 8192
        chksum    = 0x9a7e
        urgptr    = 0
        options   = []
###[ Raw ]###
           load      = 'a random packet'
got a packet
###[ Ethernet ]###
  dst       = 08:00:00:00:04:41
  src       = 08:00:00:00:02:00
  type      = 0x800
###[ IP ]###
     version   = 4L
     ihl       = 5L
     tos       = 0x6
     len       = 55
     id        = 1
     flags     = 
     frag      = 0L
     ttl       = 61
     proto     = tcp
     chksum    = 0x637d
     src       = 10.0.2.21
     dst       = 10.0.4.41
     \options   \
###[ TCP ]###
        sport     = 50104
        dport     = 1234
        seq       = 0
        ack       = 0
        dataofs   = 5L
        reserved  = 0L
        flags     = S
        window    = 8192
        chksum    = 0x9a7e
        urgptr    = 0
        options   = []
###[ Raw ]###
           load      = 'a random packet'
got a packet
###[ Ethernet ]###
  dst       = 08:00:00:00:04:41
  src       = 08:00:00:00:02:00
  type      = 0x800
###[ IP ]###
     version   = 4L
     ihl       = 5L
     tos       = 0x6
     len       = 55
     id        = 1
     flags     = 
     frag      = 0L
     ttl       = 61
     proto     = tcp
     chksum    = 0x637d
     src       = 10.0.2.21
     dst       = 10.0.4.41
     \options   \
###[ TCP ]###
        sport     = 50104
        dport     = 1234
        seq       = 0
        ack       = 0
        dataofs   = 5L
        reserved  = 0L
        flags     = S
        window    = 8192
        chksum    = 0x9a7e
        urgptr    = 0
        options   = []
###[ Raw ]###
           load      = 'a random packet'
got a packet
###[ Ethernet ]###
  dst       = 08:00:00:00:04:41
  src       = 08:00:00:00:02:00
  type      = 0x800
###[ IP ]###
     version   = 4L
     ihl       = 5L
     tos       = 0x6
     len       = 55
     id        = 1
     flags     = 
     frag      = 0L
     ttl       = 61
     proto     = tcp
     chksum    = 0x637d
     src       = 10.0.2.21
     dst       = 10.0.4.41
     \options   \
###[ TCP ]###
        sport     = 50104
        dport     = 1234
        seq       = 0
        ack       = 0
        dataofs   = 5L
        reserved  = 0L
        flags     = S
        window    = 8192
        chksum    = 0x9a7e
        urgptr    = 0
        options   = []
###[ Raw ]###
           load      = 'a random packet'
got a packet
###[ Ethernet ]###
  dst       = 08:00:00:00:04:41
  src       = 08:00:00:00:02:00
  type      = 0x800
###[ IP ]###
     version   = 4L
     ihl       = 5L
     tos       = 0x6
     len       = 55
     id        = 1
     flags     = 
     frag      = 0L
     ttl       = 61
     proto     = tcp
     chksum    = 0x637d
     src       = 10.0.2.21
     dst       = 10.0.4.41
     \options   \
###[ TCP ]###
        sport     = 50104
        dport     = 1234
        seq       = 0
        ack       = 0
        dataofs   = 5L
        reserved  = 0L
        flags     = S
        window    = 8192
        chksum    = 0x9a7e
        urgptr    = 0
        options   = []
###[ Raw ]###
           load      = 'a random packet'
got a packet
###[ Ethernet ]###
  dst       = 08:00:00:00:04:41
  src       = 08:00:00:00:02:00
  type      = 0x800
###[ IP ]###
     version   = 4L
     ihl       = 5L
     tos       = 0x6
     len       = 45
     id        = 1
     flags     = 
     frag      = 0L
     ttl       = 61
     proto     = tcp
     chksum    = 0x6387
     src       = 10.0.2.21
     dst       = 10.0.4.41
     \options   \
###[ TCP ]###
        sport     = 50104
        dport     = 1234
        seq       = 0
        ack       = 0
        dataofs   = 5L
        reserved  = 0L
        flags     = S
        window    = 8192
        chksum    = 0x6c3d
        urgptr    = 0
        options   = []
###[ Raw ]###
           load      = 'greet'
got a packet
###[ Ethernet ]###
  dst       = 08:00:00:00:04:41
  src       = 08:00:00:00:02:00
  type      = 0x800
###[ IP ]###
     version   = 4L
     ihl       = 5L
     tos       = 0x6
     len       = 55
     id        = 1
     flags     = 
     frag      = 0L
     ttl       = 61
     proto     = tcp
     chksum    = 0x637d
     src       = 10.0.2.21
     dst       = 10.0.4.41
     \options   \
###[ TCP ]###
        sport     = 50104
        dport     = 1234
        seq       = 0
        ack       = 0
        dataofs   = 5L
        reserved  = 0L
        flags     = S
        window    = 8192
        chksum    = 0x9a7e
        urgptr    = 0
        options   = []
###[ Raw ]###
           load      = 'a random packet'
got a packet
###[ Ethernet ]###
  dst       = 08:00:00:00:04:41
  src       = 08:00:00:00:02:00
  type      = 0x800
###[ IP ]###
     version   = 4L
     ihl       = 5L
     tos       = 0x6
     len       = 55
     id        = 1
     flags     = 
     frag      = 0L
     ttl       = 61
     proto     = tcp
     chksum    = 0x637d
     src       = 10.0.2.21
     dst       = 10.0.4.41
     \options   \
###[ TCP ]###
        sport     = 50104
        dport     = 1234
        seq       = 0
        ack       = 0
        dataofs   = 5L
        reserved  = 0L
        flags     = S
        window    = 8192
        chksum    = 0x9a7e
        urgptr    = 0
        options   = []
###[ Raw ]###
           load      = 'a random packet'
got a packet
###[ Ethernet ]###
  dst       = 08:00:00:00:04:41
  src       = 08:00:00:00:02:00
  type      = 0x800
###[ IP ]###
     version   = 4L
     ihl       = 5L
     tos       = 0x6
     len       = 55
     id        = 1
     flags     = 
     frag      = 0L
     ttl       = 61
     proto     = tcp
     chksum    = 0x637d
     src       = 10.0.2.21
     dst       = 10.0.4.41
     \options   \
###[ TCP ]###
        sport     = 50104
        dport     = 1234
        seq       = 0
        ack       = 0
        dataofs   = 5L
        reserved  = 0L
        flags     = S
        window    = 8192
        chksum    = 0x9a7e
        urgptr    = 0
        options   = []
###[ Raw ]###
           load      = 'a random packet'
got a packet
###[ Ethernet ]###
  dst       = 08:00:00:00:04:41
  src       = 08:00:00:00:02:00
  type      = 0x800
###[ IP ]###
     version   = 4L
     ihl       = 5L
     tos       = 0x6
     len       = 55
     id        = 1
     flags     = 
     frag      = 0L
     ttl       = 61
     proto     = tcp
     chksum    = 0x637d
     src       = 10.0.2.21
     dst       = 10.0.4.41
     \options   \
###[ TCP ]###
        sport     = 50104
        dport     = 1234
        seq       = 0
        ack       = 0
        dataofs   = 5L
        reserved  = 0L
        flags     = S
        window    = 8192
        chksum    = 0x9a7e
        urgptr    = 0
        options   = []
###[ Raw ]###
           load      = 'a random packet'
got a packet
###[ Ethernet ]###
  dst       = 08:00:00:00:04:41
  src       = 08:00:00:00:02:00
  type      = 0x800
###[ IP ]###
     version   = 4L
     ihl       = 5L
     tos       = 0x6
     len       = 55
     id        = 1
     flags     = 
     frag      = 0L
     ttl       = 61
     proto     = tcp
     chksum    = 0x637d
     src       = 10.0.2.21
     dst       = 10.0.4.41
     \options   \
###[ TCP ]###
        sport     = 50104
        dport     = 1234
        seq       = 0
        ack       = 0
        dataofs   = 5L
        reserved  = 0L
        flags     = S
        window    = 8192
        chksum    = 0x9a7e
        urgptr    = 0
        options   = []
###[ Raw ]###
           load      = 'a random packet'
